<?xml version="1.0" encoding="UTF-8"?>
<!-- Generated by org.testng.reporters.JUnitReportReporter -->
<testsuite hostname="LAPTOP-0V80V27A" failures="0" tests="1" name="testcases.TC_001" time="5.788" errors="0" timestamp="2023-07-31T12:32:33 IST" skipped="0">
  <testcase classname="testcases.TC_001" name="verifyWithValidUserCredentials" time="5.788"/>
</testsuite> <!-- testcases.TC_001 -->
